[INFO ] 2023-06-27 14:03:10.822 [main][StartupInfoLogger.java] DemoApplication - Starting DemoApplication using Java 11.0.19 on DESKTOP-ENE7KQ6 with PID 13720 (C:\workspace_vs\boot_thymeleaf\demo\bin\main started by admin in C:\workspace_vs\boot_thymeleaf)
[DEBUG] 2023-06-27 14:03:10.850 [main][StartupInfoLogger.java] DemoApplication - Running with Spring Boot v2.7.13-SNAPSHOT, Spring v5.3.28
[INFO ] 2023-06-27 14:03:10.855 [main][SpringApplication.java] DemoApplication - The following 5 profiles are active: "db", "my-service", "site", "local", "db-local"
[INFO ] 2023-06-27 14:03:12.557 [main][RepositoryConfigurationDelegate.java] RepositoryConfigurationDelegate - Bootstrapping Spring Data JPA repositories in DEFAULT mode.
[INFO ] 2023-06-27 14:03:12.598 [main][RepositoryConfigurationDelegate.java] RepositoryConfigurationDelegate - Finished Spring Data repository scanning in 16 ms. Found 0 JPA repository interfaces.
[INFO ] 2023-06-27 14:03:13.182 [main][WebConfig.java] WebConfig - messageSource Bean Created. Default Charset is UTF-8 and Default Locale is ko
[INFO ] 2023-06-27 14:03:13.774 [main][TomcatWebServer.java] TomcatWebServer - Tomcat initialized with port(s): 8030 (http)
[INFO ] 2023-06-27 14:03:13.789 [main][DirectJDKLog.java] Http11NioProtocol - Initializing ProtocolHandler ["http-nio-8030"]
[INFO ] 2023-06-27 14:03:13.794 [main][DirectJDKLog.java] StandardService - Starting service [Tomcat]
[INFO ] 2023-06-27 14:03:13.796 [main][DirectJDKLog.java] StandardEngine - Starting Servlet engine: [Apache Tomcat/9.0.76]
[INFO ] 2023-06-27 14:03:14.018 [main][DirectJDKLog.java] [/] - Initializing Spring embedded WebApplicationContext
[INFO ] 2023-06-27 14:03:14.021 [main][ServletWebServerApplicationContext.java] ServletWebServerApplicationContext - Root WebApplicationContext: initialization completed in 2612 ms
[INFO ] 2023-06-27 14:03:14.362 [main][HikariDataSource.java] HikariDataSource - HikariPool-1 - Starting...
[INFO ] 2023-06-27 14:03:14.505 [main][HikariDataSource.java] HikariDataSource - HikariPool-1 - Start completed.
[INFO ] 2023-06-27 14:03:14.625 [main][LogHelper.java] LogHelper - HHH000204: Processing PersistenceUnitInfo [name: default]
[INFO ] 2023-06-27 14:03:14.766 [main][Version.java] Version - HHH000412: Hibernate ORM core version 5.6.15.Final
[INFO ] 2023-06-27 14:03:15.217 [main][JavaReflectionManager.java] Version - HCANN000001: Hibernate Commons Annotations {5.1.2.Final}
[INFO ] 2023-06-27 14:03:15.559 [main][Dialect.java] Dialect - HHH000400: Using dialect: org.hibernate.dialect.MariaDB103Dialect
[INFO ] 2023-06-27 14:03:15.941 [main][JtaPlatformInitiator.java] JtaPlatformInitiator - HHH000490: Using JtaPlatform implementation: [org.hibernate.engine.transaction.jta.platform.internal.NoJtaPlatform]
[INFO ] 2023-06-27 14:03:15.976 [main][AbstractEntityManagerFactoryBean.java] LocalContainerEntityManagerFactoryBean - Initialized JPA EntityManagerFactory for persistence unit 'default'
[INFO ] 2023-06-27 14:03:16.862 [main][WebConfig.java] WebConfig - localeResolver Bean Created.
[WARN ] 2023-06-27 14:03:16.944 [main][JpaBaseConfiguration.java] JpaBaseConfiguration$JpaWebConfiguration - spring.jpa.open-in-view is enabled by default. Therefore, database queries may be performed during view rendering. Explicitly configure spring.jpa.open-in-view to disable this warning
[INFO ] 2023-06-27 14:03:17.777 [main][DirectJDKLog.java] Http11NioProtocol - Starting ProtocolHandler ["http-nio-8030"]
[INFO ] 2023-06-27 14:03:17.827 [main][TomcatWebServer.java] TomcatWebServer - Tomcat started on port(s): 8030 (http) with context path ''
[INFO ] 2023-06-27 14:03:17.854 [main][StartupInfoLogger.java] DemoApplication - Started DemoApplication in 8.131 seconds (JVM running for 10.089)
[INFO ] 2023-06-27 14:03:21.428 [http-nio-8030-exec-1][DirectJDKLog.java] [/] - Initializing Spring DispatcherServlet 'dispatcherServlet'
[INFO ] 2023-06-27 14:03:21.429 [http-nio-8030-exec-1][FrameworkServlet.java] DispatcherServlet - Initializing Servlet 'dispatcherServlet'
[INFO ] 2023-06-27 14:03:21.432 [http-nio-8030-exec-1][FrameworkServlet.java] DispatcherServlet - Completed initialization in 1 ms
[DEBUG] 2023-06-27 14:03:21.661 [http-nio-8030-exec-1][BaseJdbcLogger.java] getBoardList - ==>  Preparing: SELECT id , writer , title , content , regdate , update_date , delete_date FROM board
[DEBUG] 2023-06-27 14:03:21.699 [http-nio-8030-exec-1][BaseJdbcLogger.java] getBoardList - ==> Parameters: 
[DEBUG] 2023-06-27 14:03:21.755 [http-nio-8030-exec-1][BaseJdbcLogger.java] getBoardList - <==      Total: 5
[INFO ] 2023-06-27 14:03:54.730 [main][StartupInfoLogger.java] DemoApplication - Starting DemoApplication using Java 11.0.19 on DESKTOP-ENE7KQ6 with PID 10352 (C:\workspace_vs\boot_thymeleaf\demo\bin\main started by admin in C:\workspace_vs\boot_thymeleaf)
[DEBUG] 2023-06-27 14:03:54.752 [main][StartupInfoLogger.java] DemoApplication - Running with Spring Boot v2.7.13-SNAPSHOT, Spring v5.3.28
[INFO ] 2023-06-27 14:03:54.756 [main][SpringApplication.java] DemoApplication - The following 5 profiles are active: "db", "my-service", "site", "local", "db-local"
[INFO ] 2023-06-27 14:03:56.398 [main][RepositoryConfigurationDelegate.java] RepositoryConfigurationDelegate - Bootstrapping Spring Data JPA repositories in DEFAULT mode.
[INFO ] 2023-06-27 14:03:56.440 [main][RepositoryConfigurationDelegate.java] RepositoryConfigurationDelegate - Finished Spring Data repository scanning in 18 ms. Found 0 JPA repository interfaces.
[INFO ] 2023-06-27 14:03:57.106 [main][WebConfig.java] WebConfig - messageSource Bean Created. Default Charset is UTF-8 and Default Locale is ko
[INFO ] 2023-06-27 14:03:57.725 [main][TomcatWebServer.java] TomcatWebServer - Tomcat initialized with port(s): 8030 (http)
[INFO ] 2023-06-27 14:03:57.744 [main][DirectJDKLog.java] Http11NioProtocol - Initializing ProtocolHandler ["http-nio-8030"]
[INFO ] 2023-06-27 14:03:57.750 [main][DirectJDKLog.java] StandardService - Starting service [Tomcat]
[INFO ] 2023-06-27 14:03:57.752 [main][DirectJDKLog.java] StandardEngine - Starting Servlet engine: [Apache Tomcat/9.0.76]
[INFO ] 2023-06-27 14:03:57.992 [main][DirectJDKLog.java] [/] - Initializing Spring embedded WebApplicationContext
[INFO ] 2023-06-27 14:03:57.994 [main][ServletWebServerApplicationContext.java] ServletWebServerApplicationContext - Root WebApplicationContext: initialization completed in 2698 ms
[INFO ] 2023-06-27 14:03:58.266 [main][HikariDataSource.java] HikariDataSource - HikariPool-1 - Starting...
[INFO ] 2023-06-27 14:03:58.389 [main][HikariDataSource.java] HikariDataSource - HikariPool-1 - Start completed.
[INFO ] 2023-06-27 14:03:58.496 [main][LogHelper.java] LogHelper - HHH000204: Processing PersistenceUnitInfo [name: default]
[INFO ] 2023-06-27 14:03:58.628 [main][Version.java] Version - HHH000412: Hibernate ORM core version 5.6.15.Final
[INFO ] 2023-06-27 14:03:59.049 [main][JavaReflectionManager.java] Version - HCANN000001: Hibernate Commons Annotations {5.1.2.Final}
[INFO ] 2023-06-27 14:03:59.337 [main][Dialect.java] Dialect - HHH000400: Using dialect: org.hibernate.dialect.MariaDB103Dialect
[INFO ] 2023-06-27 14:03:59.694 [main][JtaPlatformInitiator.java] JtaPlatformInitiator - HHH000490: Using JtaPlatform implementation: [org.hibernate.engine.transaction.jta.platform.internal.NoJtaPlatform]
[INFO ] 2023-06-27 14:03:59.719 [main][AbstractEntityManagerFactoryBean.java] LocalContainerEntityManagerFactoryBean - Initialized JPA EntityManagerFactory for persistence unit 'default'
[INFO ] 2023-06-27 14:04:00.455 [main][WebConfig.java] WebConfig - localeResolver Bean Created.
[WARN ] 2023-06-27 14:04:00.541 [main][JpaBaseConfiguration.java] JpaBaseConfiguration$JpaWebConfiguration - spring.jpa.open-in-view is enabled by default. Therefore, database queries may be performed during view rendering. Explicitly configure spring.jpa.open-in-view to disable this warning
[INFO ] 2023-06-27 14:04:01.298 [main][DirectJDKLog.java] Http11NioProtocol - Starting ProtocolHandler ["http-nio-8030"]
[INFO ] 2023-06-27 14:04:01.357 [main][TomcatWebServer.java] TomcatWebServer - Tomcat started on port(s): 8030 (http) with context path ''
[INFO ] 2023-06-27 14:04:01.384 [main][StartupInfoLogger.java] DemoApplication - Started DemoApplication in 7.376 seconds (JVM running for 8.882)
[INFO ] 2023-06-27 14:04:04.564 [http-nio-8030-exec-3][DirectJDKLog.java] [/] - Initializing Spring DispatcherServlet 'dispatcherServlet'
[INFO ] 2023-06-27 14:04:04.565 [http-nio-8030-exec-3][FrameworkServlet.java] DispatcherServlet - Initializing Servlet 'dispatcherServlet'
[INFO ] 2023-06-27 14:04:04.568 [http-nio-8030-exec-3][FrameworkServlet.java] DispatcherServlet - Completed initialization in 3 ms
[DEBUG] 2023-06-27 14:04:04.809 [http-nio-8030-exec-3][BaseJdbcLogger.java] getBoardList - ==>  Preparing: SELECT id , writer , title , content , regdate , update_date , delete_date FROM board
[DEBUG] 2023-06-27 14:04:04.850 [http-nio-8030-exec-3][BaseJdbcLogger.java] getBoardList - ==> Parameters: 
[DEBUG] 2023-06-27 14:04:04.912 [http-nio-8030-exec-3][BaseJdbcLogger.java] getBoardList - <==      Total: 5
